<?xml version="1.0" encoding="UTF-8"?>
<testng-results skipped="0" failed="0" ignored="0" total="1" passed="1">
  <reporter-output>
  </reporter-output>
  <suite name="Default suite" duration-ms="3458" started-at="2023-01-22T14:43:22 IST" finished-at="2023-01-22T14:43:25 IST">
    <groups>
    </groups>
    <test name="Default test" duration-ms="3458" started-at="2023-01-22T14:43:22 IST" finished-at="2023-01-22T14:43:25 IST">
      <class name="testngwaits.ex">
        <test-method status="PASS" signature="e1()[pri:0, instance:testngwaits.ex@73d4cc9e]" name="e1" duration-ms="3435" started-at="2023-01-22T14:43:22 IST" finished-at="2023-01-22T14:43:25 IST">
          <reporter-output>
          </reporter-output>
        </test-method> <!-- e1 -->
      </class> <!-- testngwaits.ex -->
    </test> <!-- Default test -->
  </suite> <!-- Default suite -->
</testng-results>
